<?xml version="1.0" encoding="UTF-8"?>
<testng-results ignored="0" total="1" passed="1" failed="0" skipped="0">
  <reporter-output>
  </reporter-output>
  <suite started-at="2026-03-29T22:43:29 IST" name="Default suite" finished-at="2026-03-29T22:43:32 IST" duration-ms="3444">
    <groups>
    </groups>
    <test started-at="2026-03-29T22:43:29 IST" name="Default test" finished-at="2026-03-29T22:43:32 IST" duration-ms="3444">
      <class name="day1.HTTPRequest">
        <test-method signature="getUser()[pri:0, instance:day1.HTTPRequest@5b239d7d]" started-at="2026-03-29T22:43:29 IST" name="getUser" finished-at="2026-03-29T22:43:32 IST" duration-ms="3320" status="PASS">
          <reporter-output>
          </reporter-output>
        </test-method> <!-- getUser -->
      </class> <!-- day1.HTTPRequest -->
    </test> <!-- Default test -->
  </suite> <!-- Default suite -->
</testng-results>
