<?xml version="1.0" encoding="UTF-8"?>
<testng-results ignored="0" total="1" passed="1" failed="0" skipped="0">
  <reporter-output>
  </reporter-output>
  <suite started-at="2026-06-27T17:28:54 IST" name="Default suite" finished-at="2026-06-27T17:28:57 IST" duration-ms="3789">
    <groups>
    </groups>
    <test started-at="2026-06-27T17:28:54 IST" name="Default test" finished-at="2026-06-27T17:28:57 IST" duration-ms="3789">
      <class name="chaining.GetUser">
        <test-method signature="test_GetUser()[pri:0, instance:chaining.GetUser@217ed35e]" started-at="2026-06-27T17:28:54 IST" name="test_GetUser" finished-at="2026-06-27T17:28:57 IST" duration-ms="3730" status="PASS">
          <reporter-output>
          </reporter-output>
        </test-method> <!-- test_GetUser -->
      </class> <!-- chaining.GetUser -->
    </test> <!-- Default test -->
  </suite> <!-- Default suite -->
</testng-results>
